<?xml version="1.0" encoding="UTF-8"?>
<!-- Generated by org.testng.reporters.JUnitReportReporter -->
<testsuite hostname="DESKTOP-75JBQQ7" failures="0" tests="1" name="steps.RegistrationTest" time="8.517" errors="0" timestamp="2025-09-06T16:41:55 IST" skipped="0">
  <testcase classname="steps.RegistrationTest" name="the_user_is_on_Home_page" time="8.517"/>
</testsuite> <!-- steps.RegistrationTest -->
