<?xml version="1.0" encoding="UTF-8"?>
<!-- Generated by org.testng.reporters.JUnitReportReporter -->
<testsuite hostname="DESKTOP-75JBQQ7" failures="0" tests="1" name="steps.LoanTest" time="10.288" errors="0" timestamp="2025-09-06T16:41:55 IST" skipped="0">
  <testcase classname="steps.LoanTest" name="user_is_logged_in_for_loan_request" time="10.288"/>
</testsuite> <!-- steps.LoanTest -->
