<?xml version="1.0" encoding="UTF-8"?>
<!-- Generated by org.testng.reporters.JUnitReportReporter -->
<testsuite hostname="DESKTOP-75JBQQ7" failures="0" tests="1" name="steps.OpenAccountTest" time="11.006" errors="0" timestamp="2025-09-06T16:41:55 IST" skipped="0">
  <testcase classname="steps.OpenAccountTest" name="user_is_logged_in" time="11.006"/>
</testsuite> <!-- steps.OpenAccountTest -->
