<?xml version="1.0" encoding="UTF-8"?>
<!-- Generated by org.testng.reporters.JUnitReportReporter -->
<testsuite hostname="DESKTOP-75JBQQ7" failures="0" tests="1" name="steps.TranctionHistoryTest" time="9.472" errors="0" timestamp="2025-09-06T16:41:55 IST" skipped="0">
  <testcase classname="steps.TranctionHistoryTest" name="user_is_logged_in" time="9.472"/>
</testsuite> <!-- steps.TranctionHistoryTest -->
