<?xml version="1.0" encoding="UTF-8"?>
<!-- Generated by org.testng.reporters.JUnitReportReporter -->
<testsuite hostname="DESKTOP-75JBQQ7" failures="0" tests="1" name="steps.LoginTest" time="7.804" errors="0" timestamp="2025-09-06T16:41:55 IST" skipped="0">
  <testcase classname="steps.LoginTest" name="user_on_login_page" time="7.804"/>
</testsuite> <!-- steps.LoginTest -->
